0 info it worked if it ends with ok
1 verbose cli [ '/Users/gavinwang/.nvm/versions/node/v5.0.0/bin/node',
1 verbose cli   '/Users/gavinwang/.nvm/versions/node/v5.0.0/bin/npm',
1 verbose cli   'publish' ]
2 info using npm@3.8.7
3 info using node@v5.0.0
4 verbose publish [ '.' ]
5 silly cache add args [ '.', null ]
6 verbose cache add spec .
7 silly cache add parsed spec Result {
7 silly cache add   raw: '.',
7 silly cache add   scope: null,
7 silly cache add   name: null,
7 silly cache add   rawSpec: '.',
7 silly cache add   spec: '/Users/gavinwang/mynode',
7 silly cache add   type: 'directory' }
8 verbose addLocalDirectory /Users/gavinwang/.npm/mynode/1.0.0/package.tgz not in flight; packing
9 verbose correctMkdir /Users/gavinwang/.npm correctMkdir not in flight; initializing
10 info lifecycle mynode@1.0.0~prepublish: mynode@1.0.0
11 silly lifecycle mynode@1.0.0~prepublish: no script for prepublish, continuing
12 verbose tar pack [ '/Users/gavinwang/.npm/mynode/1.0.0/package.tgz',
12 verbose tar pack   '/Users/gavinwang/mynode' ]
13 verbose tarball /Users/gavinwang/.npm/mynode/1.0.0/package.tgz
14 verbose folder /Users/gavinwang/mynode
15 verbose addLocalTarball adding from inside cache /Users/gavinwang/.npm/mynode/1.0.0/package.tgz
16 verbose correctMkdir /Users/gavinwang/.npm correctMkdir not in flight; initializing
17 silly cache afterAdd mynode@1.0.0
18 verbose afterAdd /Users/gavinwang/.npm/mynode/1.0.0/package/package.json not in flight; writing
19 verbose correctMkdir /Users/gavinwang/.npm correctMkdir not in flight; initializing
20 verbose afterAdd /Users/gavinwang/.npm/mynode/1.0.0/package/package.json written
21 silly publish { name: 'mynode',
21 silly publish   version: '1.0.0',
21 silly publish   description: 'for my node.js learing',
21 silly publish   main: 'server.js',
21 silly publish   dependencies: { express: '^4.13.4' },
21 silly publish   devDependencies: {},
21 silly publish   scripts: { test: 'make test', start: 'node server.js' },
21 silly publish   repository:
21 silly publish    { type: 'git',
21 silly publish      url: 'git+https://github.com/wtdragon/mynode.git' },
21 silly publish   keywords: [ 'mynode', 'learning', 'nodejs' ],
21 silly publish   author: { name: 'gavin wang' },
21 silly publish   license: 'ISC',
21 silly publish   bugs: { url: 'https://github.com/wtdragon/mynode/issues' },
21 silly publish   homepage: 'https://github.com/wtdragon/mynode#readme',
21 silly publish   readme: 'ERROR: No README data found!',
21 silly publish   _id: 'mynode@1.0.0',
21 silly publish   _shasum: 'f02abcd5f28bd884a0a3ab0c446331edfa9a0188',
21 silly publish   _from: '.' }
22 verbose getPublishConfig undefined
23 silly mapToRegistry name mynode
24 silly mapToRegistry using default registry
25 silly mapToRegistry registry https://registry.npmjs.org/
26 silly mapToRegistry data Result {
26 silly mapToRegistry   raw: 'mynode',
26 silly mapToRegistry   scope: null,
26 silly mapToRegistry   name: 'mynode',
26 silly mapToRegistry   rawSpec: '',
26 silly mapToRegistry   spec: 'latest',
26 silly mapToRegistry   type: 'tag' }
27 silly mapToRegistry uri https://registry.npmjs.org/mynode
28 verbose publish registryBase https://registry.npmjs.org/
29 silly publish uploading /Users/gavinwang/.npm/mynode/1.0.0/package.tgz
30 verbose stack Error: auth required for publishing
30 verbose stack     at CachingRegistryClient.publish (/Users/gavinwang/.nvm/versions/node/v5.0.0/lib/node_modules/npm/node_modules/npm-registry-client/lib/publish.js:30:14)
30 verbose stack     at /Users/gavinwang/.nvm/versions/node/v5.0.0/lib/node_modules/npm/lib/publish.js:137:14
30 verbose stack     at mapToRegistry (/Users/gavinwang/.nvm/versions/node/v5.0.0/lib/node_modules/npm/lib/utils/map-to-registry.js:62:3)
30 verbose stack     at publish_ (/Users/gavinwang/.nvm/versions/node/v5.0.0/lib/node_modules/npm/lib/publish.js:106:3)
30 verbose stack     at Array.<anonymous> (/Users/gavinwang/.nvm/versions/node/v5.0.0/lib/node_modules/npm/node_modules/slide/lib/bind-actor.js:15:8)
30 verbose stack     at LOOP (/Users/gavinwang/.nvm/versions/node/v5.0.0/lib/node_modules/npm/node_modules/slide/lib/chain.js:15:14)
30 verbose stack     at LOOP (/Users/gavinwang/.nvm/versions/node/v5.0.0/lib/node_modules/npm/node_modules/slide/lib/chain.js:14:28)
30 verbose stack     at chain (/Users/gavinwang/.nvm/versions/node/v5.0.0/lib/node_modules/npm/node_modules/slide/lib/chain.js:20:5)
30 verbose stack     at /Users/gavinwang/.nvm/versions/node/v5.0.0/lib/node_modules/npm/lib/publish.js:72:5
30 verbose stack     at RES (/Users/gavinwang/.nvm/versions/node/v5.0.0/lib/node_modules/npm/node_modules/inflight/inflight.js:23:14)
31 verbose cwd /Users/gavinwang/mynode
32 error Darwin 15.4.0
33 error argv "/Users/gavinwang/.nvm/versions/node/v5.0.0/bin/node" "/Users/gavinwang/.nvm/versions/node/v5.0.0/bin/npm" "publish"
34 error node v5.0.0
35 error npm  v3.8.7
36 error code ENEEDAUTH
37 error need auth auth required for publishing
38 error need auth You need to authorize this machine using `npm adduser`
39 verbose exit [ 1, true ]
